xrun(64): 22.09-s013: (c) Copyright 1995-2023 Cadence Design Systems, Inc.
TOOL:	xrun(64)	22.09-s013: Started on Nov 04, 2024 at 16:31:15 -03
xrun
	-64bit
	xorgate_tb.sv
	xorgate.sv
	+gui
	+access+r
		Caching library 'worklib' ....... Done
	Elaborating the design hierarchy:
	Top level design units:
		xorgate_tb
xmelab: *W,DSEMEL: This SystemVerilog design will be simulated as per IEEE 1800-2009 SystemVerilog simulation semantics. Use -disable_sem2009 option for turning off SV 2009 simulation semantics.
	Building instance overlay tables: .................... Done
	Building instance specific data structures.
	Loading native compiled code:     .................... Done
	Design hierarchy summary:
		             Instances  Unique
		Modules:             2       2
		Registers:           4       4
		Scalar wires:        5       -
		Initial blocks:      2       2
		Cont. assignments:   1       1
		Pseudo assignments:  3       3
	Writing initial simulation snapshot: worklib.xorgate_tb:sv
xmsim: *W,NOMTDGUI: Multi-Threaded Dumping is disabled for interactive debug mode.
xmsim: *W,DSEM2009: This SystemVerilog design is simulated as per IEEE 1800-2009 SystemVerilog simulation semantics. Use -disable_sem2009 option for turning off SV 2009 simulation semantics.

-------------------------------------
Relinquished control to SimVision...
xcelium> 
xcelium> source /home/tools/cadence/installs/XCELIUM2209/tools/xcelium/files/xmsimrc
xcelium> database -open waves -into waves.shm -default
Created default SHM database waves
xcelium> probe -create -shm xorgate_tb.a xorgate_tb.b xorgate_tb.c
Created probe 1
xcelium> run
                Tempo   Entradas    Saídas
                         a    b       c
                ====   ==========  =======
                   0     0    0       0
                   5     0    1       1
                  10     1    0       1
                  15     1    1       0
                  20     0    0       0
xmsim: *W,RNQUIE: Simulation is complete.
xcelium> ^C
xcelium> exit
TOOL:	xrun(64)	22.09-s013: Exiting on Nov 04, 2024 at 16:33:49 -03  (total: 00:02:34)
